Grammar

    0 $accept: START $end

    1 START: PROGRAM

    2 PROGRAM: EXTDEFS

    3 EXTDEFS: EXTDEFS EXTDEF
    4        | EXTDEFS STMT
    5        | %empty
    6        | error SEMI

    7 EXTDEF: SPEC DECS SEMI
    8       | SPEC FUNC STMTBLOCK

    9 SPEC: TYPE
   10     | STSPEC

   11 STSPEC: STRUCT OPTTAG LC DEFS RC
   12       | STRUCT ID

   13 OPTTAG: ID
   14       | %empty

   15 VAR: ID ID
   16    | VAR LB INT RB
   17    | error RB

   18 FUNC: ID LP PARAS RP
   19     | error RP

   20 PARAS: PARAS COMMA PARA
   21      | PARA
   22      | %empty

   23 PARA: SPEC DEC

   24 STMTBLOCK: LC EXTDEFS RC
   25          | error RC

   26 STMT: EXP SEMI
   27     | STMTBLOCK
   28     | RETURN EXP SEMI
   29     | IF LP EXP RP STMT ESTMT
   30     | FOR LP EXP SEMI EXP SEMI EXP RP STMT
   31     | CONT SEMI
   32     | BREAK SEMI

   33 ESTMT: ELSE STMT
   34      | %empty

   35 DEFS: DEFS DEF
   36     | %empty

   37 DEF: SPEC DECS SEMI
   38    | error SEMI

   39 DECS: DECS COMMA DEC
   40     | DEC

   41 DEC: VAR
   42    | ID EQUALOP EXP

   43 EXP: EXP BINARYOP EXP
   44    | UNARYOP EXP
   45    | LP EXP RP
   46    | ID LP ARGS RP
   47    | ID ARRS
   48    | EXP DOT ID ARRS
   49    | INT
   50    | EXP ASSIGNOP EXP
   51    | EXP EQUALOP EXP
   52    | %empty

   53 ARRS: ARRS LB EXP RB
   54     | %empty

   55 ARGS: ARGS COMMA EXP
   56     | EXP


Terminals, with rules where they appear

$end (0) 0
error (256) 6 17 19 25 38
INT (258) 16 49
ID (259) 12 13 15 18 42 46 47 48
SEMI (260) 6 7 26 28 30 31 32 37 38
COMMA (261) 20 39 55
DOT (262) 48
BINARYOP (263) 43
UNARYOP (264) 44
ASSIGNOP (265) 50
EQUALOP (266) 42 51
TYPE (267) 9
LP (268) 18 29 30 45 46
RP (269) 18 19 29 30 45 46
LB (270) 16 53
RB (271) 16 17 53
LC (272) 11 24
RC (273) 11 24 25
STRUCT (274) 11 12
RETURN (275) 28
IF (276) 29
ELSE (277) 33
BREAK (278) 32
CONT (279) 31
FOR (280) 30
LOW (281)
LOW_THAN_ERROR (282)
HIGH_THAN_ERROR (283)


Nonterminals, with rules where they appear

$accept (29)
    on left: 0
START (30)
    on left: 1, on right: 0
PROGRAM (31)
    on left: 2, on right: 1
EXTDEFS (32)
    on left: 3 4 5 6, on right: 2 3 4 24
EXTDEF (33)
    on left: 7 8, on right: 3
SPEC (34)
    on left: 9 10, on right: 7 8 23 37
STSPEC (35)
    on left: 11 12, on right: 10
OPTTAG (36)
    on left: 13 14, on right: 11
VAR (37)
    on left: 15 16 17, on right: 16 41
FUNC (38)
    on left: 18 19, on right: 8
PARAS (39)
    on left: 20 21 22, on right: 18 20
PARA (40)
    on left: 23, on right: 20 21
STMTBLOCK (41)
    on left: 24 25, on right: 8 27
STMT (42)
    on left: 26 27 28 29 30 31 32, on right: 4 29 30 33
ESTMT (43)
    on left: 33 34, on right: 29
DEFS (44)
    on left: 35 36, on right: 11 35
DEF (45)
    on left: 37 38, on right: 35
DECS (46)
    on left: 39 40, on right: 7 37 39
DEC (47)
    on left: 41 42, on right: 23 39 40
EXP (48)
    on left: 43 44 45 46 47 48 49 50 51 52, on right: 26 28 29 30 42
    43 44 45 48 50 51 53 55 56
ARRS (49)
    on left: 53 54, on right: 47 48 53
ARGS (50)
    on left: 55 56, on right: 46 55


State 0

    0 $accept: . START $end

    error  shift, and go to state 1

    $end      reduce using rule 5 (EXTDEFS)
    INT       reduce using rule 5 (EXTDEFS)
    ID        reduce using rule 5 (EXTDEFS)
    SEMI      reduce using rule 5 (EXTDEFS)
    DOT       reduce using rule 5 (EXTDEFS)
    BINARYOP  reduce using rule 5 (EXTDEFS)
    UNARYOP   reduce using rule 5 (EXTDEFS)
    ASSIGNOP  reduce using rule 5 (EXTDEFS)
    EQUALOP   reduce using rule 5 (EXTDEFS)
    TYPE      reduce using rule 5 (EXTDEFS)
    LP        reduce using rule 5 (EXTDEFS)
    LC        reduce using rule 5 (EXTDEFS)
    STRUCT    reduce using rule 5 (EXTDEFS)
    RETURN    reduce using rule 5 (EXTDEFS)
    IF        reduce using rule 5 (EXTDEFS)
    BREAK     reduce using rule 5 (EXTDEFS)
    CONT      reduce using rule 5 (EXTDEFS)
    FOR       reduce using rule 5 (EXTDEFS)

    START    go to state 2
    PROGRAM  go to state 3
    EXTDEFS  go to state 4


State 1

    6 EXTDEFS: error . SEMI

    SEMI  shift, and go to state 5


State 2

    0 $accept: START . $end

    $end  shift, and go to state 6


State 3

    1 START: PROGRAM .

    $default  reduce using rule 1 (START)


State 4

    2 PROGRAM: EXTDEFS .
    3 EXTDEFS: EXTDEFS . EXTDEF
    4        | EXTDEFS . STMT

    error    shift, and go to state 7
    INT      shift, and go to state 8
    ID       shift, and go to state 9
    UNARYOP  shift, and go to state 10
    TYPE     shift, and go to state 11
    LP       shift, and go to state 12
    LC       shift, and go to state 13
    STRUCT   shift, and go to state 14
    RETURN   shift, and go to state 15
    IF       shift, and go to state 16
    BREAK    shift, and go to state 17
    CONT     shift, and go to state 18
    FOR      shift, and go to state 19

    $end      reduce using rule 2 (PROGRAM)
    SEMI      reduce using rule 52 (EXP)
    DOT       reduce using rule 52 (EXP)
    BINARYOP  reduce using rule 52 (EXP)
    ASSIGNOP  reduce using rule 52 (EXP)
    EQUALOP   reduce using rule 52 (EXP)

    EXTDEF     go to state 20
    SPEC       go to state 21
    STSPEC     go to state 22
    STMTBLOCK  go to state 23
    STMT       go to state 24
    EXP        go to state 25


State 5

    6 EXTDEFS: error SEMI .

    $default  reduce using rule 6 (EXTDEFS)


State 6

    0 $accept: START $end .

    $default  accept


State 7

   25 STMTBLOCK: error . RC

    RC  shift, and go to state 26


State 8

   49 EXP: INT .

    $default  reduce using rule 49 (EXP)


State 9

   46 EXP: ID . LP ARGS RP
   47    | ID . ARRS

    LP  shift, and go to state 27

    $default  reduce using rule 54 (ARRS)

    ARRS  go to state 28


State 10

   44 EXP: UNARYOP . EXP

    INT      shift, and go to state 8
    ID       shift, and go to state 9
    UNARYOP  shift, and go to state 10
    LP       shift, and go to state 12

    $default  reduce using rule 52 (EXP)

    EXP  go to state 29


State 11

    9 SPEC: TYPE .

    $default  reduce using rule 9 (SPEC)


State 12

   45 EXP: LP . EXP RP

    INT      shift, and go to state 8
    ID       shift, and go to state 9
    UNARYOP  shift, and go to state 10
    LP       shift, and go to state 12

    $default  reduce using rule 52 (EXP)

    EXP  go to state 30


State 13

   24 STMTBLOCK: LC . EXTDEFS RC

    error  shift, and go to state 1

    INT       reduce using rule 5 (EXTDEFS)
    ID        reduce using rule 5 (EXTDEFS)
    SEMI      reduce using rule 5 (EXTDEFS)
    DOT       reduce using rule 5 (EXTDEFS)
    BINARYOP  reduce using rule 5 (EXTDEFS)
    UNARYOP   reduce using rule 5 (EXTDEFS)
    ASSIGNOP  reduce using rule 5 (EXTDEFS)
    EQUALOP   reduce using rule 5 (EXTDEFS)
    TYPE      reduce using rule 5 (EXTDEFS)
    LP        reduce using rule 5 (EXTDEFS)
    LC        reduce using rule 5 (EXTDEFS)
    RC        reduce using rule 5 (EXTDEFS)
    STRUCT    reduce using rule 5 (EXTDEFS)
    RETURN    reduce using rule 5 (EXTDEFS)
    IF        reduce using rule 5 (EXTDEFS)
    BREAK     reduce using rule 5 (EXTDEFS)
    CONT      reduce using rule 5 (EXTDEFS)
    FOR       reduce using rule 5 (EXTDEFS)

    EXTDEFS  go to state 31


State 14

   11 STSPEC: STRUCT . OPTTAG LC DEFS RC
   12       | STRUCT . ID

    ID  shift, and go to state 32

    $default  reduce using rule 14 (OPTTAG)

    OPTTAG  go to state 33


State 15

   28 STMT: RETURN . EXP SEMI

    INT      shift, and go to state 8
    ID       shift, and go to state 9
    UNARYOP  shift, and go to state 10
    LP       shift, and go to state 12

    $default  reduce using rule 52 (EXP)

    EXP  go to state 34


State 16

   29 STMT: IF . LP EXP RP STMT ESTMT

    LP  shift, and go to state 35


State 17

   32 STMT: BREAK . SEMI

    SEMI  shift, and go to state 36


State 18

   31 STMT: CONT . SEMI

    SEMI  shift, and go to state 37


State 19

   30 STMT: FOR . LP EXP SEMI EXP SEMI EXP RP STMT

    LP  shift, and go to state 38


State 20

    3 EXTDEFS: EXTDEFS EXTDEF .

    $default  reduce using rule 3 (EXTDEFS)


State 21

    7 EXTDEF: SPEC . DECS SEMI
    8       | SPEC . FUNC STMTBLOCK

    error  shift, and go to state 39
    ID     shift, and go to state 40

    VAR   go to state 41
    FUNC  go to state 42
    DECS  go to state 43
    DEC   go to state 44


State 22

   10 SPEC: STSPEC .

    $default  reduce using rule 10 (SPEC)


State 23

   27 STMT: STMTBLOCK .

    $default  reduce using rule 27 (STMT)


State 24

    4 EXTDEFS: EXTDEFS STMT .

    $default  reduce using rule 4 (EXTDEFS)


State 25

   26 STMT: EXP . SEMI
   43 EXP: EXP . BINARYOP EXP
   48    | EXP . DOT ID ARRS
   50    | EXP . ASSIGNOP EXP
   51    | EXP . EQUALOP EXP

    SEMI      shift, and go to state 45
    DOT       shift, and go to state 46
    BINARYOP  shift, and go to state 47
    ASSIGNOP  shift, and go to state 48
    EQUALOP   shift, and go to state 49


State 26

   25 STMTBLOCK: error RC .

    $default  reduce using rule 25 (STMTBLOCK)


State 27

   46 EXP: ID LP . ARGS RP

    INT      shift, and go to state 8
    ID       shift, and go to state 9
    UNARYOP  shift, and go to state 10
    LP       shift, and go to state 12

    $default  reduce using rule 52 (EXP)

    EXP   go to state 50
    ARGS  go to state 51


State 28

   47 EXP: ID ARRS .
   53 ARRS: ARRS . LB EXP RB

    LB  shift, and go to state 52

    $default  reduce using rule 47 (EXP)


State 29

   43 EXP: EXP . BINARYOP EXP
   44    | UNARYOP EXP .
   48    | EXP . DOT ID ARRS
   50    | EXP . ASSIGNOP EXP
   51    | EXP . EQUALOP EXP

    DOT       shift, and go to state 46
    BINARYOP  shift, and go to state 47
    ASSIGNOP  shift, and go to state 48
    EQUALOP   shift, and go to state 49

    $default  reduce using rule 44 (EXP)


State 30

   43 EXP: EXP . BINARYOP EXP
   45    | LP EXP . RP
   48    | EXP . DOT ID ARRS
   50    | EXP . ASSIGNOP EXP
   51    | EXP . EQUALOP EXP

    DOT       shift, and go to state 46
    BINARYOP  shift, and go to state 47
    ASSIGNOP  shift, and go to state 48
    EQUALOP   shift, and go to state 49
    RP        shift, and go to state 53


State 31

    3 EXTDEFS: EXTDEFS . EXTDEF
    4        | EXTDEFS . STMT
   24 STMTBLOCK: LC EXTDEFS . RC

    error    shift, and go to state 7
    INT      shift, and go to state 8
    ID       shift, and go to state 9
    UNARYOP  shift, and go to state 10
    TYPE     shift, and go to state 11
    LP       shift, and go to state 12
    LC       shift, and go to state 13
    RC       shift, and go to state 54
    STRUCT   shift, and go to state 14
    RETURN   shift, and go to state 15
    IF       shift, and go to state 16
    BREAK    shift, and go to state 17
    CONT     shift, and go to state 18
    FOR      shift, and go to state 19

    SEMI      reduce using rule 52 (EXP)
    DOT       reduce using rule 52 (EXP)
    BINARYOP  reduce using rule 52 (EXP)
    ASSIGNOP  reduce using rule 52 (EXP)
    EQUALOP   reduce using rule 52 (EXP)

    EXTDEF     go to state 20
    SPEC       go to state 21
    STSPEC     go to state 22
    STMTBLOCK  go to state 23
    STMT       go to state 24
    EXP        go to state 25


State 32

   12 STSPEC: STRUCT ID .
   13 OPTTAG: ID .

    LC        reduce using rule 13 (OPTTAG)
    $default  reduce using rule 12 (STSPEC)


State 33

   11 STSPEC: STRUCT OPTTAG . LC DEFS RC

    LC  shift, and go to state 55


State 34

   28 STMT: RETURN EXP . SEMI
   43 EXP: EXP . BINARYOP EXP
   48    | EXP . DOT ID ARRS
   50    | EXP . ASSIGNOP EXP
   51    | EXP . EQUALOP EXP

    SEMI      shift, and go to state 56
    DOT       shift, and go to state 46
    BINARYOP  shift, and go to state 47
    ASSIGNOP  shift, and go to state 48
    EQUALOP   shift, and go to state 49


State 35

   29 STMT: IF LP . EXP RP STMT ESTMT

    INT      shift, and go to state 8
    ID       shift, and go to state 9
    UNARYOP  shift, and go to state 10
    LP       shift, and go to state 12

    $default  reduce using rule 52 (EXP)

    EXP  go to state 57


State 36

   32 STMT: BREAK SEMI .

    $default  reduce using rule 32 (STMT)


State 37

   31 STMT: CONT SEMI .

    $default  reduce using rule 31 (STMT)


State 38

   30 STMT: FOR LP . EXP SEMI EXP SEMI EXP RP STMT

    INT      shift, and go to state 8
    ID       shift, and go to state 9
    UNARYOP  shift, and go to state 10
    LP       shift, and go to state 12

    $default  reduce using rule 52 (EXP)

    EXP  go to state 58


State 39

   17 VAR: error . RB
   19 FUNC: error . RP

    RP  shift, and go to state 59
    RB  shift, and go to state 60


State 40

   15 VAR: ID . ID
   18 FUNC: ID . LP PARAS RP
   42 DEC: ID . EQUALOP EXP

    ID       shift, and go to state 61
    EQUALOP  shift, and go to state 62
    LP       shift, and go to state 63


State 41

   16 VAR: VAR . LB INT RB
   41 DEC: VAR .

    LB  shift, and go to state 64

    $default  reduce using rule 41 (DEC)


State 42

    8 EXTDEF: SPEC FUNC . STMTBLOCK

    error  shift, and go to state 7
    LC     shift, and go to state 13

    STMTBLOCK  go to state 65


State 43

    7 EXTDEF: SPEC DECS . SEMI
   39 DECS: DECS . COMMA DEC

    SEMI   shift, and go to state 66
    COMMA  shift, and go to state 67


State 44

   40 DECS: DEC .

    $default  reduce using rule 40 (DECS)


State 45

   26 STMT: EXP SEMI .

    $default  reduce using rule 26 (STMT)


State 46

   48 EXP: EXP DOT . ID ARRS

    ID  shift, and go to state 68


State 47

   43 EXP: EXP BINARYOP . EXP

    INT      shift, and go to state 8
    ID       shift, and go to state 9
    UNARYOP  shift, and go to state 10
    LP       shift, and go to state 12

    $default  reduce using rule 52 (EXP)

    EXP  go to state 69


State 48

   50 EXP: EXP ASSIGNOP . EXP

    INT      shift, and go to state 8
    ID       shift, and go to state 9
    UNARYOP  shift, and go to state 10
    LP       shift, and go to state 12

    $default  reduce using rule 52 (EXP)

    EXP  go to state 70


State 49

   51 EXP: EXP EQUALOP . EXP

    INT      shift, and go to state 8
    ID       shift, and go to state 9
    UNARYOP  shift, and go to state 10
    LP       shift, and go to state 12

    $default  reduce using rule 52 (EXP)

    EXP  go to state 71


State 50

   43 EXP: EXP . BINARYOP EXP
   48    | EXP . DOT ID ARRS
   50    | EXP . ASSIGNOP EXP
   51    | EXP . EQUALOP EXP
   56 ARGS: EXP .

    DOT       shift, and go to state 46
    BINARYOP  shift, and go to state 47
    ASSIGNOP  shift, and go to state 48
    EQUALOP   shift, and go to state 49

    $default  reduce using rule 56 (ARGS)


State 51

   46 EXP: ID LP ARGS . RP
   55 ARGS: ARGS . COMMA EXP

    COMMA  shift, and go to state 72
    RP     shift, and go to state 73


State 52

   53 ARRS: ARRS LB . EXP RB

    INT      shift, and go to state 8
    ID       shift, and go to state 9
    UNARYOP  shift, and go to state 10
    LP       shift, and go to state 12

    $default  reduce using rule 52 (EXP)

    EXP  go to state 74


State 53

   45 EXP: LP EXP RP .

    $default  reduce using rule 45 (EXP)


State 54

   24 STMTBLOCK: LC EXTDEFS RC .

    $default  reduce using rule 24 (STMTBLOCK)


State 55

   11 STSPEC: STRUCT OPTTAG LC . DEFS RC

    $default  reduce using rule 36 (DEFS)

    DEFS  go to state 75


State 56

   28 STMT: RETURN EXP SEMI .

    $default  reduce using rule 28 (STMT)


State 57

   29 STMT: IF LP EXP . RP STMT ESTMT
   43 EXP: EXP . BINARYOP EXP
   48    | EXP . DOT ID ARRS
   50    | EXP . ASSIGNOP EXP
   51    | EXP . EQUALOP EXP

    DOT       shift, and go to state 46
    BINARYOP  shift, and go to state 47
    ASSIGNOP  shift, and go to state 48
    EQUALOP   shift, and go to state 49
    RP        shift, and go to state 76


State 58

   30 STMT: FOR LP EXP . SEMI EXP SEMI EXP RP STMT
   43 EXP: EXP . BINARYOP EXP
   48    | EXP . DOT ID ARRS
   50    | EXP . ASSIGNOP EXP
   51    | EXP . EQUALOP EXP

    SEMI      shift, and go to state 77
    DOT       shift, and go to state 46
    BINARYOP  shift, and go to state 47
    ASSIGNOP  shift, and go to state 48
    EQUALOP   shift, and go to state 49


State 59

   19 FUNC: error RP .

    $default  reduce using rule 19 (FUNC)


State 60

   17 VAR: error RB .

    $default  reduce using rule 17 (VAR)


State 61

   15 VAR: ID ID .

    $default  reduce using rule 15 (VAR)


State 62

   42 DEC: ID EQUALOP . EXP

    INT      shift, and go to state 8
    ID       shift, and go to state 9
    UNARYOP  shift, and go to state 10
    LP       shift, and go to state 12

    $default  reduce using rule 52 (EXP)

    EXP  go to state 78


State 63

   18 FUNC: ID LP . PARAS RP

    TYPE    shift, and go to state 11
    STRUCT  shift, and go to state 14

    $default  reduce using rule 22 (PARAS)

    SPEC    go to state 79
    STSPEC  go to state 22
    PARAS   go to state 80
    PARA    go to state 81


State 64

   16 VAR: VAR LB . INT RB

    INT  shift, and go to state 82


State 65

    8 EXTDEF: SPEC FUNC STMTBLOCK .

    $default  reduce using rule 8 (EXTDEF)


State 66

    7 EXTDEF: SPEC DECS SEMI .

    $default  reduce using rule 7 (EXTDEF)


State 67

   39 DECS: DECS COMMA . DEC

    error  shift, and go to state 83
    ID     shift, and go to state 84

    VAR  go to state 41
    DEC  go to state 85


State 68

   48 EXP: EXP DOT ID . ARRS

    $default  reduce using rule 54 (ARRS)

    ARRS  go to state 86


State 69

   43 EXP: EXP . BINARYOP EXP
   43    | EXP BINARYOP EXP .
   48    | EXP . DOT ID ARRS
   50    | EXP . ASSIGNOP EXP
   51    | EXP . EQUALOP EXP

    DOT       shift, and go to state 46
    BINARYOP  shift, and go to state 47
    ASSIGNOP  shift, and go to state 48
    EQUALOP   shift, and go to state 49

    $default  reduce using rule 43 (EXP)


State 70

   43 EXP: EXP . BINARYOP EXP
   48    | EXP . DOT ID ARRS
   50    | EXP . ASSIGNOP EXP
   50    | EXP ASSIGNOP EXP .
   51    | EXP . EQUALOP EXP

    DOT       shift, and go to state 46
    BINARYOP  shift, and go to state 47
    ASSIGNOP  shift, and go to state 48
    EQUALOP   shift, and go to state 49

    $default  reduce using rule 50 (EXP)


State 71

   43 EXP: EXP . BINARYOP EXP
   48    | EXP . DOT ID ARRS
   50    | EXP . ASSIGNOP EXP
   51    | EXP . EQUALOP EXP
   51    | EXP EQUALOP EXP .

    DOT       shift, and go to state 46
    BINARYOP  shift, and go to state 47
    ASSIGNOP  shift, and go to state 48
    EQUALOP   shift, and go to state 49

    $default  reduce using rule 51 (EXP)


State 72

   55 ARGS: ARGS COMMA . EXP

    INT      shift, and go to state 8
    ID       shift, and go to state 9
    UNARYOP  shift, and go to state 10
    LP       shift, and go to state 12

    $default  reduce using rule 52 (EXP)

    EXP  go to state 87


State 73

   46 EXP: ID LP ARGS RP .

    $default  reduce using rule 46 (EXP)


State 74

   43 EXP: EXP . BINARYOP EXP
   48    | EXP . DOT ID ARRS
   50    | EXP . ASSIGNOP EXP
   51    | EXP . EQUALOP EXP
   53 ARRS: ARRS LB EXP . RB

    DOT       shift, and go to state 46
    BINARYOP  shift, and go to state 47
    ASSIGNOP  shift, and go to state 48
    EQUALOP   shift, and go to state 49
    RB        shift, and go to state 88


State 75

   11 STSPEC: STRUCT OPTTAG LC DEFS . RC
   35 DEFS: DEFS . DEF

    error   shift, and go to state 89
    TYPE    shift, and go to state 11
    RC      shift, and go to state 90
    STRUCT  shift, and go to state 14

    SPEC    go to state 91
    STSPEC  go to state 22
    DEF     go to state 92


State 76

   29 STMT: IF LP EXP RP . STMT ESTMT

    error    shift, and go to state 7
    INT      shift, and go to state 8
    ID       shift, and go to state 9
    UNARYOP  shift, and go to state 10
    LP       shift, and go to state 12
    LC       shift, and go to state 13
    RETURN   shift, and go to state 15
    IF       shift, and go to state 16
    BREAK    shift, and go to state 17
    CONT     shift, and go to state 18
    FOR      shift, and go to state 19

    SEMI      reduce using rule 52 (EXP)
    DOT       reduce using rule 52 (EXP)
    BINARYOP  reduce using rule 52 (EXP)
    ASSIGNOP  reduce using rule 52 (EXP)
    EQUALOP   reduce using rule 52 (EXP)

    STMTBLOCK  go to state 23
    STMT       go to state 93
    EXP        go to state 25


State 77

   30 STMT: FOR LP EXP SEMI . EXP SEMI EXP RP STMT

    INT      shift, and go to state 8
    ID       shift, and go to state 9
    UNARYOP  shift, and go to state 10
    LP       shift, and go to state 12

    $default  reduce using rule 52 (EXP)

    EXP  go to state 94


State 78

   42 DEC: ID EQUALOP EXP .
   43 EXP: EXP . BINARYOP EXP
   48    | EXP . DOT ID ARRS
   50    | EXP . ASSIGNOP EXP
   51    | EXP . EQUALOP EXP

    DOT       shift, and go to state 46
    BINARYOP  shift, and go to state 47
    ASSIGNOP  shift, and go to state 48
    EQUALOP   shift, and go to state 49

    $default  reduce using rule 42 (DEC)


State 79

   23 PARA: SPEC . DEC

    error  shift, and go to state 83
    ID     shift, and go to state 84

    VAR  go to state 41
    DEC  go to state 95


State 80

   18 FUNC: ID LP PARAS . RP
   20 PARAS: PARAS . COMMA PARA

    COMMA  shift, and go to state 96
    RP     shift, and go to state 97


State 81

   21 PARAS: PARA .

    $default  reduce using rule 21 (PARAS)


State 82

   16 VAR: VAR LB INT . RB

    RB  shift, and go to state 98


State 83

   17 VAR: error . RB

    RB  shift, and go to state 60


State 84

   15 VAR: ID . ID
   42 DEC: ID . EQUALOP EXP

    ID       shift, and go to state 61
    EQUALOP  shift, and go to state 62


State 85

   39 DECS: DECS COMMA DEC .

    $default  reduce using rule 39 (DECS)


State 86

   48 EXP: EXP DOT ID ARRS .
   53 ARRS: ARRS . LB EXP RB

    LB  shift, and go to state 52

    $default  reduce using rule 48 (EXP)


State 87

   43 EXP: EXP . BINARYOP EXP
   48    | EXP . DOT ID ARRS
   50    | EXP . ASSIGNOP EXP
   51    | EXP . EQUALOP EXP
   55 ARGS: ARGS COMMA EXP .

    DOT       shift, and go to state 46
    BINARYOP  shift, and go to state 47
    ASSIGNOP  shift, and go to state 48
    EQUALOP   shift, and go to state 49

    $default  reduce using rule 55 (ARGS)


State 88

   53 ARRS: ARRS LB EXP RB .

    $default  reduce using rule 53 (ARRS)


State 89

   38 DEF: error . SEMI

    SEMI  shift, and go to state 99


State 90

   11 STSPEC: STRUCT OPTTAG LC DEFS RC .

    $default  reduce using rule 11 (STSPEC)


State 91

   37 DEF: SPEC . DECS SEMI

    error  shift, and go to state 83
    ID     shift, and go to state 84

    VAR   go to state 41
    DECS  go to state 100
    DEC   go to state 44


State 92

   35 DEFS: DEFS DEF .

    $default  reduce using rule 35 (DEFS)


State 93

   29 STMT: IF LP EXP RP STMT . ESTMT

    ELSE  shift, and go to state 101

    $default  reduce using rule 34 (ESTMT)

    ESTMT  go to state 102


State 94

   30 STMT: FOR LP EXP SEMI EXP . SEMI EXP RP STMT
   43 EXP: EXP . BINARYOP EXP
   48    | EXP . DOT ID ARRS
   50    | EXP . ASSIGNOP EXP
   51    | EXP . EQUALOP EXP

    SEMI      shift, and go to state 103
    DOT       shift, and go to state 46
    BINARYOP  shift, and go to state 47
    ASSIGNOP  shift, and go to state 48
    EQUALOP   shift, and go to state 49


State 95

   23 PARA: SPEC DEC .

    $default  reduce using rule 23 (PARA)


State 96

   20 PARAS: PARAS COMMA . PARA

    TYPE    shift, and go to state 11
    STRUCT  shift, and go to state 14

    SPEC    go to state 79
    STSPEC  go to state 22
    PARA    go to state 104


State 97

   18 FUNC: ID LP PARAS RP .

    $default  reduce using rule 18 (FUNC)


State 98

   16 VAR: VAR LB INT RB .

    $default  reduce using rule 16 (VAR)


State 99

   38 DEF: error SEMI .

    $default  reduce using rule 38 (DEF)


State 100

   37 DEF: SPEC DECS . SEMI
   39 DECS: DECS . COMMA DEC

    SEMI   shift, and go to state 105
    COMMA  shift, and go to state 67


State 101

   33 ESTMT: ELSE . STMT

    error    shift, and go to state 7
    INT      shift, and go to state 8
    ID       shift, and go to state 9
    UNARYOP  shift, and go to state 10
    LP       shift, and go to state 12
    LC       shift, and go to state 13
    RETURN   shift, and go to state 15
    IF       shift, and go to state 16
    BREAK    shift, and go to state 17
    CONT     shift, and go to state 18
    FOR      shift, and go to state 19

    SEMI      reduce using rule 52 (EXP)
    DOT       reduce using rule 52 (EXP)
    BINARYOP  reduce using rule 52 (EXP)
    ASSIGNOP  reduce using rule 52 (EXP)
    EQUALOP   reduce using rule 52 (EXP)

    STMTBLOCK  go to state 23
    STMT       go to state 106
    EXP        go to state 25


State 102

   29 STMT: IF LP EXP RP STMT ESTMT .

    $default  reduce using rule 29 (STMT)


State 103

   30 STMT: FOR LP EXP SEMI EXP SEMI . EXP RP STMT

    INT      shift, and go to state 8
    ID       shift, and go to state 9
    UNARYOP  shift, and go to state 10
    LP       shift, and go to state 12

    $default  reduce using rule 52 (EXP)

    EXP  go to state 107


State 104

   20 PARAS: PARAS COMMA PARA .

    $default  reduce using rule 20 (PARAS)


State 105

   37 DEF: SPEC DECS SEMI .

    $default  reduce using rule 37 (DEF)


State 106

   33 ESTMT: ELSE STMT .

    $default  reduce using rule 33 (ESTMT)


State 107

   30 STMT: FOR LP EXP SEMI EXP SEMI EXP . RP STMT
   43 EXP: EXP . BINARYOP EXP
   48    | EXP . DOT ID ARRS
   50    | EXP . ASSIGNOP EXP
   51    | EXP . EQUALOP EXP

    DOT       shift, and go to state 46
    BINARYOP  shift, and go to state 47
    ASSIGNOP  shift, and go to state 48
    EQUALOP   shift, and go to state 49
    RP        shift, and go to state 108


State 108

   30 STMT: FOR LP EXP SEMI EXP SEMI EXP RP . STMT

    error    shift, and go to state 7
    INT      shift, and go to state 8
    ID       shift, and go to state 9
    UNARYOP  shift, and go to state 10
    LP       shift, and go to state 12
    LC       shift, and go to state 13
    RETURN   shift, and go to state 15
    IF       shift, and go to state 16
    BREAK    shift, and go to state 17
    CONT     shift, and go to state 18
    FOR      shift, and go to state 19

    SEMI      reduce using rule 52 (EXP)
    DOT       reduce using rule 52 (EXP)
    BINARYOP  reduce using rule 52 (EXP)
    ASSIGNOP  reduce using rule 52 (EXP)
    EQUALOP   reduce using rule 52 (EXP)

    STMTBLOCK  go to state 23
    STMT       go to state 109
    EXP        go to state 25


State 109

   30 STMT: FOR LP EXP SEMI EXP SEMI EXP RP STMT .

    $default  reduce using rule 30 (STMT)
